[*********************100%***********************]  1 of 1 completed
[*********************100%***********************]  1 of 1 completed
📡 Initializing data pull from Yahoo Finance...
📥 Downloading 10 years of data for Nifty_50 (^NSEI)...
✅ Saved 2462 rows to nifty_50_10y.csv
📥 Downloading 10 years of data for Bank_Nifty (^NSEBANK)...
✅ Saved 2464 rows to bank_nifty_10y.csv
[*********************100%***********************]  1 of 1 completed
[*********************100%***********************]  1 of 1 completed
📡 Initializing data pull from Yahoo Finance...
📥 Downloading 10 years of data for Nifty_50 (^NSEI)...
✅ Saved 2463 rows to nifty_50_10y.csv
📥 Downloading 10 years of data for Bank_Nifty (^NSEBANK)...
✅ Saved 2465 rows to bank_nifty_10y.csv
2026-04-09 02:52:28 [INFO] MARKET_PULL: Initializing data pull from Yahoo Finance...
2026-04-09 02:52:28 [INFO] MARKET_PULL: Downloading 10 years of data for Nifty_50 (^NSEI)...
2026-04-09 02:52:29 [INFO] MARKET_PULL: Saved 2462 rows to nifty_50_10y.csv
2026-04-09 02:52:29 [INFO] MARKET_PULL: Downloading 10 years of data for Bank_Nifty (^NSEBANK)...
2026-04-09 02:52:29 [INFO] MARKET_PULL: Saved 2464 rows to bank_nifty_10y.csv
2026-04-09 16:00:02 [INFO] MARKET_PULL: Initializing data pull from Yahoo Finance...
2026-04-09 16:00:02 [INFO] MARKET_PULL: Downloading 10 years of data for Nifty_50 (^NSEI)...
2026-04-09 16:00:03 [INFO] MARKET_PULL: Saved 2463 rows to nifty_50_10y.csv
2026-04-09 16:00:03 [INFO] MARKET_PULL: Downloading 10 years of data for Bank_Nifty (^NSEBANK)...
2026-04-09 16:00:04 [INFO] MARKET_PULL: Saved 2465 rows to bank_nifty_10y.csv
2026-04-13 16:00:01 [INFO] MARKET_PULL: Initializing data pull from Yahoo Finance...
2026-04-13 16:00:01 [INFO] MARKET_PULL: Downloading 10 years of data for Nifty_50 (^NSEI)...
2026-04-13 16:00:02 [INFO] MARKET_PULL: Saved 2463 rows to nifty_50_10y.csv
2026-04-13 16:00:02 [INFO] MARKET_PULL: Downloading 10 years of data for Bank_Nifty (^NSEBANK)...
2026-04-13 16:00:03 [INFO] MARKET_PULL: Saved 2465 rows to bank_nifty_10y.csv
2026-04-14 16:00:01 [INFO] MARKET_PULL: Initializing data pull from Yahoo Finance...
2026-04-14 16:00:01 [INFO] MARKET_PULL: Downloading 10 years of data for Nifty_50 (^NSEI)...
2026-04-14 16:00:02 [INFO] MARKET_PULL: Saved 2463 rows to nifty_50_10y.csv
2026-04-14 16:00:02 [INFO] MARKET_PULL: Downloading 10 years of data for Bank_Nifty (^NSEBANK)...
2026-04-14 16:00:03 [INFO] MARKET_PULL: Saved 2465 rows to bank_nifty_10y.csv
2026-04-15 16:00:01 [INFO] MARKET_PULL: Initializing data pull from Yahoo Finance...
2026-04-15 16:00:01 [INFO] MARKET_PULL: Downloading 10 years of data for Nifty_50 (^NSEI)...
2026-04-15 16:00:02 [INFO] MARKET_PULL: Saved 2463 rows to nifty_50_10y.csv
2026-04-15 16:00:02 [INFO] MARKET_PULL: Downloading 10 years of data for Bank_Nifty (^NSEBANK)...
2026-04-15 16:00:03 [INFO] MARKET_PULL: Saved 2465 rows to bank_nifty_10y.csv
2026-04-16 16:00:01 [INFO] MARKET_PULL: Initializing data pull from Yahoo Finance...
2026-04-16 16:00:01 [INFO] MARKET_PULL: Downloading 10 years of data for Nifty_50 (^NSEI)...
2026-04-16 16:00:02 [INFO] MARKET_PULL: Saved 2464 rows to nifty_50_10y.csv
2026-04-16 16:00:02 [INFO] MARKET_PULL: Downloading 10 years of data for Bank_Nifty (^NSEBANK)...
2026-04-16 16:00:03 [INFO] MARKET_PULL: Saved 2466 rows to bank_nifty_10y.csv
2026-04-17 16:00:01 [INFO] MARKET_PULL: Initializing data pull from Yahoo Finance...
2026-04-17 16:00:01 [INFO] MARKET_PULL: Downloading 10 years of data for Nifty_50 (^NSEI)...
2026-04-17 16:00:02 [INFO] MARKET_PULL: Saved 2465 rows to nifty_50_10y.csv
2026-04-17 16:00:02 [INFO] MARKET_PULL: Downloading 10 years of data for Bank_Nifty (^NSEBANK)...
2026-04-17 16:00:02 [INFO] MARKET_PULL: Saved 2467 rows to bank_nifty_10y.csv
2026-04-20 16:00:01 [INFO] MARKET_PULL: Initializing data pull from Yahoo Finance...
2026-04-20 16:00:01 [INFO] MARKET_PULL: Downloading 10 years of data for Nifty_50 (^NSEI)...
2026-04-20 16:00:02 [INFO] MARKET_PULL: Saved 2465 rows to nifty_50_10y.csv
2026-04-20 16:00:02 [INFO] MARKET_PULL: Downloading 10 years of data for Bank_Nifty (^NSEBANK)...
2026-04-20 16:00:03 [INFO] MARKET_PULL: Saved 2467 rows to bank_nifty_10y.csv
2026-04-21 16:00:01 [INFO] MARKET_PULL: Initializing data pull from Yahoo Finance...
2026-04-21 16:00:01 [INFO] MARKET_PULL: Downloading 10 years of data for Nifty_50 (^NSEI)...
2026-04-21 16:00:02 [INFO] MARKET_PULL: Saved 2465 rows to nifty_50_10y.csv
2026-04-21 16:00:02 [INFO] MARKET_PULL: Downloading 10 years of data for Bank_Nifty (^NSEBANK)...
2026-04-21 16:00:03 [INFO] MARKET_PULL: Saved 2467 rows to bank_nifty_10y.csv
2026-04-22 16:00:01 [INFO] MARKET_PULL: Initializing data pull from Yahoo Finance...
2026-04-22 16:00:01 [INFO] MARKET_PULL: Downloading 10 years of data for Nifty_50 (^NSEI)...
2026-04-22 16:00:02 [INFO] MARKET_PULL: Saved 2465 rows to nifty_50_10y.csv
2026-04-22 16:00:02 [INFO] MARKET_PULL: Downloading 10 years of data for Bank_Nifty (^NSEBANK)...
2026-04-22 16:00:03 [INFO] MARKET_PULL: Saved 2467 rows to bank_nifty_10y.csv
2026-04-23 16:00:01 [INFO] MARKET_PULL: Initializing data pull from Yahoo Finance...
2026-04-23 16:00:01 [INFO] MARKET_PULL: Downloading 10 years of data for Nifty_50 (^NSEI)...
2026-04-23 16:00:02 [INFO] MARKET_PULL: Saved 2465 rows to nifty_50_10y.csv
2026-04-23 16:00:02 [INFO] MARKET_PULL: Downloading 10 years of data for Bank_Nifty (^NSEBANK)...
2026-04-23 16:00:03 [INFO] MARKET_PULL: Saved 2467 rows to bank_nifty_10y.csv
2026-04-24 16:00:01 [INFO] MARKET_PULL: Initializing data pull from Yahoo Finance...
2026-04-24 16:00:01 [INFO] MARKET_PULL: Downloading 10 years of data for Nifty_50 (^NSEI)...
2026-04-24 16:00:02 [INFO] MARKET_PULL: Saved 2466 rows to nifty_50_10y.csv
2026-04-24 16:00:02 [INFO] MARKET_PULL: Downloading 10 years of data for Bank_Nifty (^NSEBANK)...
2026-04-24 16:00:03 [INFO] MARKET_PULL: Saved 2468 rows to bank_nifty_10y.csv
2026-04-27 16:00:01 [INFO] MARKET_PULL: Initializing data pull from Yahoo Finance...
2026-04-27 16:00:01 [INFO] MARKET_PULL: Downloading 10 years of data for Nifty_50 (^NSEI)...
2026-04-27 16:00:03 [INFO] MARKET_PULL: Saved 2465 rows to nifty_50_10y.csv
2026-04-27 16:00:03 [INFO] MARKET_PULL: Downloading 10 years of data for Bank_Nifty (^NSEBANK)...
2026-04-27 16:00:03 [INFO] MARKET_PULL: Saved 2467 rows to bank_nifty_10y.csv
2026-04-28 16:00:01 [INFO] MARKET_PULL: Initializing data pull from Yahoo Finance...
2026-04-28 16:00:01 [INFO] MARKET_PULL: Downloading 10 years of data for Nifty_50 (^NSEI)...
2026-04-28 16:00:03 [INFO] MARKET_PULL: Saved 2465 rows to nifty_50_10y.csv
2026-04-28 16:00:03 [INFO] MARKET_PULL: Downloading 10 years of data for Bank_Nifty (^NSEBANK)...
2026-04-28 16:00:03 [INFO] MARKET_PULL: Saved 2467 rows to bank_nifty_10y.csv
2026-04-29 16:00:01 [INFO] MARKET_PULL: Initializing data pull from Yahoo Finance...
2026-04-29 16:00:01 [INFO] MARKET_PULL: Downloading 10 years of data for Nifty_50 (^NSEI)...
2026-04-29 16:00:02 [INFO] MARKET_PULL: Saved 2465 rows to nifty_50_10y.csv
2026-04-29 16:00:02 [INFO] MARKET_PULL: Downloading 10 years of data for Bank_Nifty (^NSEBANK)...
2026-04-29 16:00:03 [INFO] MARKET_PULL: Saved 2467 rows to bank_nifty_10y.csv
2026-04-30 16:00:01 [INFO] MARKET_PULL: Initializing data pull from Yahoo Finance...
2026-04-30 16:00:01 [INFO] MARKET_PULL: Downloading 10 years of data for Nifty_50 (^NSEI)...
2026-04-30 16:00:02 [INFO] MARKET_PULL: Saved 2465 rows to nifty_50_10y.csv
2026-04-30 16:00:02 [INFO] MARKET_PULL: Downloading 10 years of data for Bank_Nifty (^NSEBANK)...
2026-04-30 16:00:03 [INFO] MARKET_PULL: Saved 2467 rows to bank_nifty_10y.csv
2026-05-01 16:00:01 [INFO] MARKET_PULL: Initializing data pull from Yahoo Finance...
2026-05-01 16:00:01 [INFO] MARKET_PULL: Downloading 10 years of data for Nifty_50 (^NSEI)...
2026-05-01 16:00:02 [INFO] MARKET_PULL: Saved 2465 rows to nifty_50_10y.csv
2026-05-01 16:00:02 [INFO] MARKET_PULL: Downloading 10 years of data for Bank_Nifty (^NSEBANK)...
2026-05-01 16:00:03 [INFO] MARKET_PULL: Saved 2467 rows to bank_nifty_10y.csv
2026-05-04 16:00:01 [INFO] MARKET_PULL: Initializing data pull from Yahoo Finance...
2026-05-04 16:00:01 [INFO] MARKET_PULL: Downloading 10 years of data for Nifty_50 (^NSEI)...
2026-05-04 16:00:03 [INFO] MARKET_PULL: Saved 2464 rows to nifty_50_10y.csv
2026-05-04 16:00:03 [INFO] MARKET_PULL: Downloading 10 years of data for Bank_Nifty (^NSEBANK)...
2026-05-04 16:00:03 [INFO] MARKET_PULL: Saved 2466 rows to bank_nifty_10y.csv
2026-05-05 16:00:01 [INFO] MARKET_PULL: Initializing data pull from Yahoo Finance...
2026-05-05 16:00:01 [INFO] MARKET_PULL: Downloading 10 years of data for Nifty_50 (^NSEI)...
2026-05-05 16:00:02 [INFO] MARKET_PULL: Saved 2464 rows to nifty_50_10y.csv
2026-05-05 16:00:02 [INFO] MARKET_PULL: Downloading 10 years of data for Bank_Nifty (^NSEBANK)...
2026-05-05 16:00:03 [INFO] MARKET_PULL: Saved 2466 rows to bank_nifty_10y.csv
2026-05-06 16:00:01 [INFO] MARKET_PULL: Initializing data pull from Yahoo Finance...
2026-05-06 16:00:01 [INFO] MARKET_PULL: Downloading 10 years of data for Nifty_50 (^NSEI)...
2026-05-06 16:00:03 [INFO] MARKET_PULL: Saved 2464 rows to nifty_50_10y.csv
2026-05-06 16:00:03 [INFO] MARKET_PULL: Downloading 10 years of data for Bank_Nifty (^NSEBANK)...
2026-05-06 16:00:04 [INFO] MARKET_PULL: Saved 2466 rows to bank_nifty_10y.csv
2026-05-07 16:00:01 [INFO] MARKET_PULL: Initializing data pull from Yahoo Finance...
2026-05-07 16:00:01 [INFO] MARKET_PULL: Downloading 10 years of data for Nifty_50 (^NSEI)...
2026-05-07 16:00:02 [INFO] MARKET_PULL: Saved 2464 rows to nifty_50_10y.csv
2026-05-07 16:00:02 [INFO] MARKET_PULL: Downloading 10 years of data for Bank_Nifty (^NSEBANK)...
2026-05-07 16:00:03 [INFO] MARKET_PULL: Saved 2466 rows to bank_nifty_10y.csv
2026-05-08 16:00:01 [INFO] MARKET_PULL: Initializing data pull from Yahoo Finance...
2026-05-08 16:00:01 [INFO] MARKET_PULL: Downloading 10 years of data for Nifty_50 (^NSEI)...
2026-05-08 16:00:02 [INFO] MARKET_PULL: Saved 2465 rows to nifty_50_10y.csv
2026-05-08 16:00:02 [INFO] MARKET_PULL: Downloading 10 years of data for Bank_Nifty (^NSEBANK)...
2026-05-08 16:00:03 [INFO] MARKET_PULL: Saved 2467 rows to bank_nifty_10y.csv
2026-05-11 16:00:01 [INFO] MARKET_PULL: Initializing data pull from Yahoo Finance...
2026-05-11 16:00:01 [INFO] MARKET_PULL: Downloading 10 years of data for Nifty_50 (^NSEI)...
2026-05-11 16:00:02 [INFO] MARKET_PULL: Saved 2464 rows to nifty_50_10y.csv
2026-05-11 16:00:02 [INFO] MARKET_PULL: Downloading 10 years of data for Bank_Nifty (^NSEBANK)...
2026-05-11 16:00:02 [INFO] MARKET_PULL: Saved 2466 rows to bank_nifty_10y.csv
2026-05-12 16:00:01 [INFO] MARKET_PULL: Initializing data pull from Yahoo Finance...
2026-05-12 16:00:01 [INFO] MARKET_PULL: Downloading 10 years of data for Nifty_50 (^NSEI)...
2026-05-12 16:00:03 [INFO] MARKET_PULL: Saved 2464 rows to nifty_50_10y.csv
2026-05-12 16:00:03 [INFO] MARKET_PULL: Downloading 10 years of data for Bank_Nifty (^NSEBANK)...
2026-05-12 16:00:03 [INFO] MARKET_PULL: Saved 2466 rows to bank_nifty_10y.csv
2026-05-13 16:00:02 [INFO] MARKET_PULL: Initializing data pull from Yahoo Finance...
2026-05-13 16:00:02 [INFO] MARKET_PULL: Downloading 10 years of data for Nifty_50 (^NSEI)...
2026-05-13 16:00:02 [INFO] MARKET_PULL: Saved 2464 rows to nifty_50_10y.csv
2026-05-13 16:00:02 [INFO] MARKET_PULL: Downloading 10 years of data for Bank_Nifty (^NSEBANK)...
2026-05-13 16:00:03 [INFO] MARKET_PULL: Saved 2466 rows to bank_nifty_10y.csv
2026-05-14 16:00:01 [INFO] MARKET_PULL: Initializing data pull from Yahoo Finance...
2026-05-14 16:00:01 [INFO] MARKET_PULL: Downloading 10 years of data for Nifty_50 (^NSEI)...
2026-05-14 16:00:02 [INFO] MARKET_PULL: Saved 2464 rows to nifty_50_10y.csv
2026-05-14 16:00:02 [INFO] MARKET_PULL: Downloading 10 years of data for Bank_Nifty (^NSEBANK)...
2026-05-14 16:00:02 [INFO] MARKET_PULL: Saved 2466 rows to bank_nifty_10y.csv
2026-05-15 16:00:01 [INFO] MARKET_PULL: Initializing data pull from Yahoo Finance...
2026-05-15 16:00:01 [INFO] MARKET_PULL: Downloading 10 years of data for Nifty_50 (^NSEI)...
2026-05-15 16:00:02 [INFO] MARKET_PULL: Saved 2465 rows to nifty_50_10y.csv
2026-05-15 16:00:02 [INFO] MARKET_PULL: Downloading 10 years of data for Bank_Nifty (^NSEBANK)...
2026-05-15 16:00:02 [INFO] MARKET_PULL: Saved 2467 rows to bank_nifty_10y.csv
2026-05-18 16:00:01 [INFO] MARKET_PULL: Initializing data pull from Yahoo Finance...
2026-05-18 16:00:01 [INFO] MARKET_PULL: Downloading 10 years of data for Nifty_50 (^NSEI)...
2026-05-18 16:00:03 [INFO] MARKET_PULL: Saved 2464 rows to nifty_50_10y.csv
2026-05-18 16:00:03 [INFO] MARKET_PULL: Downloading 10 years of data for Bank_Nifty (^NSEBANK)...
2026-05-18 16:00:03 [INFO] MARKET_PULL: Saved 2466 rows to bank_nifty_10y.csv
2026-05-19 16:00:01 [INFO] MARKET_PULL: Initializing data pull from Yahoo Finance...
2026-05-19 16:00:01 [INFO] MARKET_PULL: Downloading 10 years of data for Nifty_50 (^NSEI)...
2026-05-19 16:00:02 [INFO] MARKET_PULL: Saved 2464 rows to nifty_50_10y.csv
2026-05-19 16:00:02 [INFO] MARKET_PULL: Downloading 10 years of data for Bank_Nifty (^NSEBANK)...
2026-05-19 16:00:03 [INFO] MARKET_PULL: Saved 2466 rows to bank_nifty_10y.csv
2026-05-20 16:00:01 [INFO] MARKET_PULL: Initializing data pull from Yahoo Finance...
2026-05-20 16:00:01 [INFO] MARKET_PULL: Downloading 10 years of data for Nifty_50 (^NSEI)...
2026-05-20 16:00:02 [INFO] MARKET_PULL: Saved 2464 rows to nifty_50_10y.csv
2026-05-20 16:00:02 [INFO] MARKET_PULL: Downloading 10 years of data for Bank_Nifty (^NSEBANK)...
2026-05-20 16:00:03 [INFO] MARKET_PULL: Saved 2466 rows to bank_nifty_10y.csv
2026-05-21 16:00:01 [INFO] MARKET_PULL: Initializing data pull from Yahoo Finance...
2026-05-21 16:00:01 [INFO] MARKET_PULL: Downloading 10 years of data for Nifty_50 (^NSEI)...
2026-05-21 16:00:02 [INFO] MARKET_PULL: Saved 2464 rows to nifty_50_10y.csv
2026-05-21 16:00:02 [INFO] MARKET_PULL: Downloading 10 years of data for Bank_Nifty (^NSEBANK)...
2026-05-21 16:00:03 [INFO] MARKET_PULL: Saved 2466 rows to bank_nifty_10y.csv
2026-05-22 16:00:01 [INFO] MARKET_PULL: Initializing data pull from Yahoo Finance...
2026-05-22 16:00:01 [INFO] MARKET_PULL: Downloading 10 years of data for Nifty_50 (^NSEI)...
2026-05-22 16:00:02 [INFO] MARKET_PULL: Saved 2465 rows to nifty_50_10y.csv
2026-05-22 16:00:02 [INFO] MARKET_PULL: Downloading 10 years of data for Bank_Nifty (^NSEBANK)...
2026-05-22 16:00:03 [INFO] MARKET_PULL: Saved 2467 rows to bank_nifty_10y.csv
2026-05-25 16:00:02 [INFO] MARKET_PULL: Initializing data pull from Yahoo Finance...
2026-05-25 16:00:02 [INFO] MARKET_PULL: Downloading 10 years of data for Nifty_50 (^NSEI)...
2026-05-25 16:00:03 [INFO] MARKET_PULL: Saved 2464 rows to nifty_50_10y.csv
2026-05-25 16:00:03 [INFO] MARKET_PULL: Downloading 10 years of data for Bank_Nifty (^NSEBANK)...
2026-05-25 16:00:04 [INFO] MARKET_PULL: Saved 2466 rows to bank_nifty_10y.csv
2026-05-26 16:00:01 [INFO] MARKET_PULL: Initializing data pull from Yahoo Finance...
2026-05-26 16:00:01 [INFO] MARKET_PULL: Downloading 10 years of data for Nifty_50 (^NSEI)...
2026-05-26 16:00:02 [INFO] MARKET_PULL: Saved 2464 rows to nifty_50_10y.csv
2026-05-26 16:00:02 [INFO] MARKET_PULL: Downloading 10 years of data for Bank_Nifty (^NSEBANK)...
2026-05-26 16:00:02 [INFO] MARKET_PULL: Saved 2466 rows to bank_nifty_10y.csv
2026-05-27 16:00:01 [INFO] MARKET_PULL: Initializing data pull from Yahoo Finance...
2026-05-27 16:00:01 [INFO] MARKET_PULL: Downloading 10 years of data for Nifty_50 (^NSEI)...
2026-05-27 16:00:02 [INFO] MARKET_PULL: Saved 2464 rows to nifty_50_10y.csv
2026-05-27 16:00:02 [INFO] MARKET_PULL: Downloading 10 years of data for Bank_Nifty (^NSEBANK)...
2026-05-27 16:00:03 [INFO] MARKET_PULL: Saved 2466 rows to bank_nifty_10y.csv
2026-05-28 16:00:01 [INFO] MARKET_PULL: Initializing data pull from Yahoo Finance...
2026-05-28 16:00:01 [INFO] MARKET_PULL: Downloading 10 years of data for Nifty_50 (^NSEI)...
2026-05-28 16:00:02 [INFO] MARKET_PULL: Saved 2463 rows to nifty_50_10y.csv
2026-05-28 16:00:02 [INFO] MARKET_PULL: Downloading 10 years of data for Bank_Nifty (^NSEBANK)...
2026-05-28 16:00:02 [INFO] MARKET_PULL: Saved 2465 rows to bank_nifty_10y.csv
2026-05-29 16:00:01 [INFO] MARKET_PULL: Initializing data pull from Yahoo Finance...
2026-05-29 16:00:01 [INFO] MARKET_PULL: Downloading 10 years of data for Nifty_50 (^NSEI)...
2026-05-29 16:00:03 [INFO] MARKET_PULL: Saved 2464 rows to nifty_50_10y.csv
2026-05-29 16:00:03 [INFO] MARKET_PULL: Downloading 10 years of data for Bank_Nifty (^NSEBANK)...
2026-05-29 16:00:04 [INFO] MARKET_PULL: Saved 2466 rows to bank_nifty_10y.csv
2026-06-01 16:00:01 [INFO] MARKET_PULL: Initializing data pull from Yahoo Finance...
2026-06-01 16:00:01 [INFO] MARKET_PULL: Downloading 10 years of data for Nifty_50 (^NSEI)...
2026-06-01 16:00:02 [INFO] MARKET_PULL: Saved 2463 rows to nifty_50_10y.csv
2026-06-01 16:00:02 [INFO] MARKET_PULL: Downloading 10 years of data for Bank_Nifty (^NSEBANK)...
2026-06-01 16:00:03 [INFO] MARKET_PULL: Saved 2465 rows to bank_nifty_10y.csv
2026-06-02 16:00:01 [INFO] MARKET_PULL: Initializing data pull from Yahoo Finance...
2026-06-02 16:00:01 [INFO] MARKET_PULL: Downloading 10 years of data for Nifty_50 (^NSEI)...
2026-06-02 16:00:02 [INFO] MARKET_PULL: Saved 2463 rows to nifty_50_10y.csv
2026-06-02 16:00:02 [INFO] MARKET_PULL: Downloading 10 years of data for Bank_Nifty (^NSEBANK)...
2026-06-02 16:00:02 [INFO] MARKET_PULL: Saved 2465 rows to bank_nifty_10y.csv
2026-06-03 16:00:01 [INFO] MARKET_PULL: Initializing data pull from Yahoo Finance...
2026-06-03 16:00:01 [INFO] MARKET_PULL: Downloading 10 years of data for Nifty_50 (^NSEI)...
2026-06-03 16:00:02 [INFO] MARKET_PULL: Saved 2463 rows to nifty_50_10y.csv
2026-06-03 16:00:02 [INFO] MARKET_PULL: Downloading 10 years of data for Bank_Nifty (^NSEBANK)...
2026-06-03 16:00:03 [INFO] MARKET_PULL: Saved 2465 rows to bank_nifty_10y.csv
2026-06-04 16:00:01 [INFO] MARKET_PULL: Initializing data pull from Yahoo Finance...
2026-06-04 16:00:01 [INFO] MARKET_PULL: Downloading 10 years of data for Nifty_50 (^NSEI)...
2026-06-04 16:00:02 [INFO] MARKET_PULL: Saved 2463 rows to nifty_50_10y.csv
2026-06-04 16:00:02 [INFO] MARKET_PULL: Downloading 10 years of data for Bank_Nifty (^NSEBANK)...
2026-06-04 16:00:02 [INFO] MARKET_PULL: Saved 2465 rows to bank_nifty_10y.csv
2026-06-05 16:00:01 [INFO] MARKET_PULL: Initializing data pull from Yahoo Finance...
2026-06-05 16:00:01 [INFO] MARKET_PULL: Downloading 10 years of data for Nifty_50 (^NSEI)...
2026-06-05 16:00:03 [INFO] MARKET_PULL: Saved 2464 rows to nifty_50_10y.csv
2026-06-05 16:00:03 [INFO] MARKET_PULL: Downloading 10 years of data for Bank_Nifty (^NSEBANK)...
2026-06-05 16:00:03 [INFO] MARKET_PULL: Saved 2466 rows to bank_nifty_10y.csv
2026-06-08 16:00:01 [INFO] MARKET_PULL: Initializing data pull from Yahoo Finance...
2026-06-08 16:00:01 [INFO] MARKET_PULL: Downloading 10 years of data for Nifty_50 (^NSEI)...
2026-06-08 16:00:03 [INFO] MARKET_PULL: Saved 2463 rows to nifty_50_10y.csv
2026-06-08 16:00:03 [INFO] MARKET_PULL: Downloading 10 years of data for Bank_Nifty (^NSEBANK)...
2026-06-08 16:00:03 [INFO] MARKET_PULL: Saved 2465 rows to bank_nifty_10y.csv
2026-06-09 16:00:01 [INFO] MARKET_PULL: Initializing data pull from Yahoo Finance...
2026-06-09 16:00:01 [INFO] MARKET_PULL: Downloading 10 years of data for Nifty_50 (^NSEI)...
2026-06-09 16:00:03 [INFO] MARKET_PULL: Saved 2463 rows to nifty_50_10y.csv
2026-06-09 16:00:03 [INFO] MARKET_PULL: Downloading 10 years of data for Bank_Nifty (^NSEBANK)...
2026-06-09 16:00:04 [INFO] MARKET_PULL: Saved 2465 rows to bank_nifty_10y.csv
2026-06-10 16:00:01 [INFO] MARKET_PULL: Initializing data pull from Yahoo Finance...
2026-06-10 16:00:01 [INFO] MARKET_PULL: Downloading 10 years of data for Nifty_50 (^NSEI)...
2026-06-10 16:00:02 [INFO] MARKET_PULL: Saved 2462 rows to nifty_50_10y.csv
2026-06-10 16:00:02 [INFO] MARKET_PULL: Downloading 10 years of data for Bank_Nifty (^NSEBANK)...
2026-06-10 16:00:03 [INFO] MARKET_PULL: Saved 2464 rows to bank_nifty_10y.csv
2026-06-11 16:00:01 [INFO] MARKET_PULL: Initializing data pull from Yahoo Finance...
2026-06-11 16:00:01 [INFO] MARKET_PULL: Downloading 10 years of data for Nifty_50 (^NSEI)...
2026-06-11 16:00:03 [INFO] MARKET_PULL: Saved 2463 rows to nifty_50_10y.csv
2026-06-11 16:00:03 [INFO] MARKET_PULL: Downloading 10 years of data for Bank_Nifty (^NSEBANK)...
2026-06-11 16:00:04 [INFO] MARKET_PULL: Saved 2465 rows to bank_nifty_10y.csv
2026-06-12 16:00:01 [INFO] MARKET_PULL: Initializing data pull from Yahoo Finance...
2026-06-12 16:00:01 [INFO] MARKET_PULL: Downloading 10 years of data for Nifty_50 (^NSEI)...
2026-06-12 16:00:03 [INFO] MARKET_PULL: Saved 2464 rows to nifty_50_10y.csv
2026-06-12 16:00:03 [INFO] MARKET_PULL: Downloading 10 years of data for Bank_Nifty (^NSEBANK)...
2026-06-12 16:00:04 [INFO] MARKET_PULL: Saved 2466 rows to bank_nifty_10y.csv
2026-06-15 16:00:01 [INFO] MARKET_PULL: Initializing data pull from Yahoo Finance...
2026-06-15 16:00:01 [INFO] MARKET_PULL: Downloading 10 years of data for Nifty_50 (^NSEI)...
2026-06-15 16:00:03 [INFO] MARKET_PULL: Saved 2463 rows to nifty_50_10y.csv
2026-06-15 16:00:03 [INFO] MARKET_PULL: Downloading 10 years of data for Bank_Nifty (^NSEBANK)...
2026-06-15 16:00:04 [INFO] MARKET_PULL: Saved 2465 rows to bank_nifty_10y.csv
2026-06-16 16:00:01 [INFO] MARKET_PULL: Initializing data pull from Yahoo Finance...
2026-06-16 16:00:01 [INFO] MARKET_PULL: Downloading 10 years of data for Nifty_50 (^NSEI)...
2026-06-16 16:00:03 [INFO] MARKET_PULL: Saved 2462 rows to nifty_50_10y.csv
2026-06-16 16:00:03 [INFO] MARKET_PULL: Downloading 10 years of data for Bank_Nifty (^NSEBANK)...
2026-06-16 16:00:04 [INFO] MARKET_PULL: Saved 2464 rows to bank_nifty_10y.csv
2026-06-17 16:00:01 [INFO] MARKET_PULL: Initializing data pull from Yahoo Finance...
2026-06-17 16:00:01 [INFO] MARKET_PULL: Downloading 10 years of data for Nifty_50 (^NSEI)...
2026-06-17 16:00:03 [INFO] MARKET_PULL: Saved 2463 rows to nifty_50_10y.csv
2026-06-17 16:00:03 [INFO] MARKET_PULL: Downloading 10 years of data for Bank_Nifty (^NSEBANK)...
2026-06-17 16:00:03 [INFO] MARKET_PULL: Saved 2465 rows to bank_nifty_10y.csv
2026-06-18 16:00:01 [INFO] MARKET_PULL: Initializing data pull from Yahoo Finance...
2026-06-18 16:00:01 [INFO] MARKET_PULL: Downloading 10 years of data for Nifty_50 (^NSEI)...
2026-06-18 16:00:03 [INFO] MARKET_PULL: Saved 2463 rows to nifty_50_10y.csv
2026-06-18 16:00:03 [INFO] MARKET_PULL: Downloading 10 years of data for Bank_Nifty (^NSEBANK)...
2026-06-18 16:00:04 [INFO] MARKET_PULL: Saved 2465 rows to bank_nifty_10y.csv
2026-06-19 16:00:01 [INFO] MARKET_PULL: Initializing data pull from Yahoo Finance...
2026-06-19 16:00:01 [INFO] MARKET_PULL: Downloading 10 years of data for Nifty_50 (^NSEI)...
2026-06-19 16:00:03 [INFO] MARKET_PULL: Saved 2464 rows to nifty_50_10y.csv
2026-06-19 16:00:03 [INFO] MARKET_PULL: Downloading 10 years of data for Bank_Nifty (^NSEBANK)...
2026-06-19 16:00:04 [INFO] MARKET_PULL: Saved 2466 rows to bank_nifty_10y.csv
